0 info it worked if it ends with ok
1 verbose cli [ '/usr/bin/node',
1 verbose cli   '/usr/bin/npm',
1 verbose cli   'install',
1 verbose cli   '--save',
1 verbose cli   'express-partial@0.3.0' ]
2 info using npm@1.4.28
3 info using node@v0.10.38
4 verbose node symlink /usr/bin/node
5 verbose readDependencies using package.json deps
6 verbose cache add [ 'express-partial@0.3.0', null ]
7 verbose cache add name=undefined spec="express-partial@0.3.0" args=["express-partial@0.3.0",null]
8 verbose parsed url { protocol: null,
8 verbose parsed url   slashes: null,
8 verbose parsed url   auth: null,
8 verbose parsed url   host: null,
8 verbose parsed url   port: null,
8 verbose parsed url   hostname: null,
8 verbose parsed url   hash: null,
8 verbose parsed url   search: null,
8 verbose parsed url   query: null,
8 verbose parsed url   pathname: 'express-partial@0.3.0',
8 verbose parsed url   path: 'express-partial@0.3.0',
8 verbose parsed url   href: 'express-partial@0.3.0' }
9 verbose cache add name="express-partial" spec="0.3.0" args=["express-partial","0.3.0"]
10 verbose parsed url { protocol: null,
10 verbose parsed url   slashes: null,
10 verbose parsed url   auth: null,
10 verbose parsed url   host: null,
10 verbose parsed url   port: null,
10 verbose parsed url   hostname: null,
10 verbose parsed url   hash: null,
10 verbose parsed url   search: null,
10 verbose parsed url   query: null,
10 verbose parsed url   pathname: '0.3.0',
10 verbose parsed url   path: '0.3.0',
10 verbose parsed url   href: '0.3.0' }
11 verbose addNamed [ 'express-partial', '0.3.0' ]
12 verbose addNamed [ '0.3.0', '0.3.0' ]
13 silly lockFile 5b6ca800-express-partial-0-3-0 express-partial@0.3.0
14 verbose lock express-partial@0.3.0 /home/mla/.npm/5b6ca800-express-partial-0-3-0.lock
15 verbose request where is /express-partial
16 verbose request registry https://registry.npmjs.org/
17 verbose request id 6ee8d42e959aac34
18 verbose url raw /express-partial
19 verbose url resolving [ 'https://registry.npmjs.org/', './express-partial' ]
20 verbose url resolved https://registry.npmjs.org/express-partial
21 verbose request where is https://registry.npmjs.org/express-partial
22 info trying registry request attempt 1 at 21:45:12
23 http GET https://registry.npmjs.org/express-partial
24 http 200 https://registry.npmjs.org/express-partial
25 silly registry.get cb [ 200,
25 silly registry.get   { server: 'CouchDB/1.5.0 (Erlang OTP/R16B03)',
25 silly registry.get     etag: '"6LWTM2CT1R6BXE62EJE40L4CH"',
25 silly registry.get     'content-type': 'application/json',
25 silly registry.get     'cache-control': 'max-age=60',
25 silly registry.get     'content-length': '4096',
25 silly registry.get     'accept-ranges': 'bytes',
25 silly registry.get     date: 'Thu, 23 Jul 2015 19:45:12 GMT',
25 silly registry.get     via: '1.1 varnish',
25 silly registry.get     age: '0',
25 silly registry.get     connection: 'keep-alive',
25 silly registry.get     'x-served-by': 'cache-lcy1126-LCY',
25 silly registry.get     'x-cache': 'MISS',
25 silly registry.get     'x-cache-hits': '0',
25 silly registry.get     'x-timer': 'S1437680712.193644,VS0,VE102',
25 silly registry.get     vary: 'Accept' } ]
26 silly lockFile 5b6ca800-express-partial-0-3-0 express-partial@0.3.0
27 silly lockFile 5b6ca800-express-partial-0-3-0 express-partial@0.3.0
28 error Error: version not found: express-partial@0.3.0
28 error     at /usr/lib/node_modules/npm/lib/cache/add-named.js:125:12
28 error     at saved (/usr/lib/node_modules/npm/node_modules/npm-registry-client/lib/get.js:167:7)
28 error     at Object.oncomplete (fs.js:108:15)
29 error If you need help, you may report this *entire* log,
29 error including the npm and node versions, at:
29 error     <http://github.com/npm/npm/issues>
30 error System Linux 3.16.0-40-generic
31 error command "/usr/bin/node" "/usr/bin/npm" "install" "--save" "express-partial@0.3.0"
32 error cwd /home/mla/Mooc/mproyectos/quiz
33 error node -v v0.10.38
34 error npm -v 1.4.28
35 verbose exit [ 1, true ]
